(2026-01-31T04:21:30.899865582) (2026-01-31T04:21:30.899879689) [Dbg] [gz.cc:166] Subscribing to(2026-01-31T04:21:30.904890545) (2026-01-31T04:21:30.904904171) [Dbg] [Gui.cc:275] Waiting for subscribers to [/gazebo/starting_world]...
(2026-01-31T04:21:31.36824727) (2026-01-31T04:21:31.36840918) [Dbg] [Application.cc:96] Initializing application.
(2026-01-31T04:21:31.36918650) (2026-01-31T04:21:31.36928369) [Dbg] [Application.cc:170] Qt using OpenGL graphics interface
(2026-01-31T04:21:31.39509093) (2026-01-31T04:21:31.39844438) [GUI] [Dbg] [Application.cc:657] Create main window
(2026-01-31T04:21:31.453795871) (2026-01-31T04:21:31.453814818) [GUI] [Dbg] [PathManager.cc:68] Requesting resource paths through [/gazebo/resource_paths/get]
(2026-01-31T04:21:31.519934282) (2026-01-31T04:21:31.519949892) [GUI] [Dbg] [Gui.cc:355] GUI requesting list of world names. The server may be busy downloading resources. Please be patient.
(2026-01-31T04:21:32.94594612) (2026-01-31T04:21:32.94610062) [GUI] [Dbg] [GuiRunner.cc:149] Requesting initial state from [/world/warehouse/state]...
(2026-01-31T04:21:32.211692512) (2026-01-31T04:21:32.211715968) [GUI] [Msg] Loading config [/opt/ros/jazzy/share/turtlebot4_gz_bringup/gui/standard/gui.config]
(2026-01-31T04:21:32.211792327) (2026-01-31T04:21:32.211804410) [GUI] [Dbg] [Application.cc:528] Loading plugin [MinimalScene]
(2026-01-31T04:21:32.249732165) (2026-01-31T04:21:32.249753356) [GUI] [Dbg] [MinimalScene.cc:802] Creating gz-rendering interface for OpenGL
(2026-01-31T04:21:32.249820277) (2026-01-31T04:21:32.249834655) [GUI] [Dbg] [MinimalScene.cc:802] Creating gz-rendering interface for OpenGL
(2026-01-31T04:21:32.249881196) (2026-01-31T04:21:32.249895343) [GUI] [Dbg] [MinimalScene.cc:986] Creating render thread interface for OpenGL
(2026-01-31T04:21:32.250235908) (2026-01-31T04:21:32.250254213) [GUI] [Dbg] [MinimalScene.cc:802] Creating gz-rendering interface for OpenGL
(2026-01-31T04:21:32.250292077) (2026-01-31T04:21:32.250306085) [GUI] [Dbg] [MinimalScene.cc:986] Creating render thread interface for OpenGL
(2026-01-31T04:21:32.370174599) (2026-01-31T04:21:32.370188306) [GUI] [Msg] Added plugin [3D View] to main window
(2026-01-31T04:21:32.370353458) (2026-01-31T04:21:32.370364880) [GUI] [Msg] Loaded plugin [MinimalScene] from path [/opt/ros/jazzy/opt/gz_gui_vendor/lib/gz-gui-8/plugins/libMinimalScene.so]
(2026-01-31T04:21:32.370413715) (2026-01-31T04:21:32.370421721) [GUI] [Dbg] [Application.cc:528] Loading plugin [GzSceneManager]
(2026-01-31T04:21:32.394677146) (2026-01-31T04:21:32.394690842) [GUI] [Dbg] [PathManager.cc:57] Received resource paths.
(2026-01-31T04:21:32.420606866) (2026-01-31T04:21:32.420626314) [GUI] [Msg] Added plugin [Scene Manager] to main window
(2026-01-31T04:21:32.420691481) (2026-01-31T04:21:32.420703524) [GUI] [Msg] Loaded plugin [GzSceneManager] from path [/opt/ros/jazzy/opt/gz_sim_vendor/lib/gz-sim-8/plugins/gui/libGzSceneManager.so]
(2026-01-31T04:21:32.420771026) (2026-01-31T04:21:32.420785544) [GUI] [Dbg] [Application.cc:528] Loading plugin [InteractiveViewControl]
(2026-01-31T04:21:32.430690245) (2026-01-31T04:21:32.430704654) [GUI] [Msg] Camera view controller topic advertised on [/gui/camera/view_control]
(2026-01-31T04:21:32.431491799) (2026-01-31T04:21:32.431507730) [GUI] [Msg] Camera reference visual topic advertised on [/gui/camera/view_control/reference_visual]
(2026-01-31T04:21:32.432327349) (2026-01-31T04:21:32.432340364) [GUI] [Msg] Camera view control sensitivity advertised on [/gui/camera/view_control/sensitivity]
(2026-01-31T04:21:32.449807878) (2026-01-31T04:21:32.449820943) [GUI] [Msg] Added plugin [Interactive view control] to main window
(2026-01-31T04:21:32.449875359) (2026-01-31T04:21:32.449883926) [GUI] [Msg] Loaded plugin [InteractiveViewControl] from path [/opt/ros/jazzy/opt/gz_gui_vendor/lib/gz-gui-8/plugins/libInteractiveViewControl.so]
(2026-01-31T04:21:32.449928623) (2026-01-31T04:21:32.449936769) [GUI] [Dbg] [Application.cc:528] Loading plugin [WorldControl]
(2026-01-31T04:21:32.482526401) (2026-01-31T04:21:32.482539777) [GUI] [Msg] Using world control service [/world/warehouse/control]
(2026-01-31T04:21:32.482969074) (2026-01-31T04:21:32.482977250) [GUI] [Msg] Listening to stats on [/world/warehouse/stats]
(2026-01-31T04:21:32.483003351) (2026-01-31T04:21:32.483008732) [GUI] [Dbg] [WorldControl.cc:237] Using an event to share WorldControl msgs with the server
(2026-01-31T04:21:32.498873459) (2026-01-31T04:21:32.498891614) [GUI] [Msg] Added plugin [World control] to main window
(2026-01-31T04:21:32.498951311) (2026-01-31T04:21:32.498957142) [GUI] [Msg] Loaded plugin [WorldControl] from path [/opt/ros/jazzy/opt/gz_gui_vendor/lib/gz-gui-8/plugins/libWorldControl.so]
(2026-01-31T04:21:32.498995717) (2026-01-31T04:21:32.499001068) [GUI] [Dbg] [Application.cc:528] Loading plugin [WorldStats]
(2026-01-31T04:21:32.507586335) (2026-01-31T04:21:32.507595623) [GUI] [Msg] Listening to stats on [/world/warehouse/stats]
(2026-01-31T04:21:32.528976059) (2026-01-31T04:21:32.528992421) [GUI] [Msg] Added plugin [World stats] to main window
(2026-01-31T04:21:32.529045845) (2026-01-31T04:21:32.529055183) [GUI] [Msg] Loaded plugin [WorldStats] from path [/opt/ros/jazzy/opt/gz_gui_vendor/lib/gz-gui-8/plugins/libWorldStats.so]
(2026-01-31T04:21:32.529108257) (2026-01-31T04:21:32.529116082) [GUI] [Dbg] [Application.cc:528] Loading plugin [TransformControl]
(2026-01-31T04:21:32.578327999) (2026-01-31T04:21:32.578343519) [GUI] [Msg] Added plugin [Transform control] to main window
(2026-01-31T04:21:32.578541074) (2026-01-31T04:21:32.578550292) [GUI] [Msg] Loaded plugin [TransformControl] from path [/opt/ros/jazzy/opt/gz_sim_vendor/lib/gz-sim-8/plugins/gui/libTransformControl.so]
(2026-01-31T04:21:32.578602935) (2026-01-31T04:21:32.578612193) [GUI] [Dbg] [Application.cc:528] Loading plugin [Shapes]
(2026-01-31T04:21:32.611489967) (2026-01-31T04:21:32.611501219) [GUI] [Msg] Added plugin [Shapes] to main window
(2026-01-31T04:21:32.611545926) (2026-01-31T04:21:32.611551667) [GUI] [Msg] Loaded plugin [Shapes] from path [/opt/ros/jazzy/opt/gz_sim_vendor/lib/gz-sim-8/plugins/gui/libShapes.so]
(2026-01-31T04:21:32.611588990) (2026-01-31T04:21:32.611594571) [GUI] [Dbg] [Application.cc:528] Loading plugin [Turtlebot4Hmi]
(2026-01-31T04:21:32.636710253) (2026-01-31T04:21:32.636724401) [GUI] [Wrn] [Application.cc:908] [QT] file::/Turtlebot4Hmi/Turtlebot4Hmi.qml:102:7: Unable to assign [undefined] to QString
(2026-01-31T04:21:32.654994871) (2026-01-31T04:21:32.655009459) [GUI] [Msg] Added plugin [Turtlebot4 HMI] to main window
(2026-01-31T04:21:32.655064296) (2026-01-31T04:21:32.655070378) [GUI] [Msg] Loaded plugin [Turtlebot4Hmi] from path [/opt/ros/jazzy/share/turtlebot4_gz_gui_plugins/lib/libTurtlebot4Hmi.so]
(2026-01-31T04:21:32.655112771) (2026-01-31T04:21:32.655118792) [GUI] [Dbg] [Application.cc:528] Loading plugin [Teleop]
(2026-01-31T04:21:32.687410473) (2026-01-31T04:21:32.687425392) [GUI] [Msg] A new topic has been entered: '/cmd_vel ' 
(2026-01-31T04:21:32.702674198) (2026-01-31T04:21:32.702690509) [GUI] [Msg] Added plugin [Teleop] to main window
(2026-01-31T04:21:32.702751158) (2026-01-31T04:21:32.702762500) [GUI] [Msg] Loaded plugin [Teleop] from path [/opt/ros/jazzy/opt/gz_gui_vendor/lib/gz-gui-8/plugins/libTeleop.so]
(2026-01-31T04:21:32.702819531) (2026-01-31T04:21:32.702828408) [GUI] [Dbg] [Application.cc:671] Applying config
(2026-01-31T04:21:32.721225265) (2026-01-31T04:21:32.721236777) [GUI] [Wrn] [Application.cc:908] [QT] file::/WorldStats/WorldStats.qml:53:3: QML RowLayout: Binding loop detected for property "x"
(2026-01-31T04:21:32.741600410) (2026-01-31T04:21:32.741614688) [GUI] [Dbg] [MinimalScene.cc:802] Creating gz-rendering interface for OpenGL
(2026-01-31T04:21:32.741645778) (2026-01-31T04:21:32.741653534) [GUI] [Dbg] [MinimalScene.cc:986] Creating render thread interface for OpenGL
(2026-01-31T04:21:32.865992448) (2026-01-31T04:21:32.866007307) [GUI] [Msg] Loading plugin [gz-rendering-ogre2]
(2026-01-31T04:21:32.966973149) (2026-01-31T04:21:32.966980924) [GUI] [Dbg] [MinimalScene.cc:749] Create scene [scene]
(2026-01-31T04:21:32.975705884) (2026-01-31T04:21:32.975718167) [GUI] [Dbg] [MinimalScene.cc:1037] Creating texture node render interface for OpenGL
(2026-01-31T04:21:32.981835490) (2026-01-31T04:21:32.981846181) [GUI] [Dbg] [TransformControl.cc:453] TransformControl plugin is using camera [scene::Camera(65527)]
(2026-01-31T04:21:32.981904926) (2026-01-31T04:21:32.981910597) [GUI] [Dbg] [InteractiveViewControl.cc:176] InteractiveViewControl plugin is moving camera [scene::Camera(65527)]
(2026-01-31T04:21:35.547990280) (2026-01-31T04:21:35.548004868) [GUI] [Wrn] [Component.hh:172] Trying to deserialize component with data type [St10shared_ptrIN3sdf3v147ElementEE], which doesn't have `operator>>`. Component will not be deserialized.
(2026-01-31T04:21:36.856098748) (2026-01-31T04:21:36.856108317) [GUI] [Wrn] [OBJLoader.cc:91] Both `d` and `Tr` parameters defined for "Chair". Use the value of `d` for dissolve (line 8 in .mtl.)

(2026-01-31T04:21:36.962337666) (2026-01-31T04:21:36.962346433) [GUI] [Wrn] [OBJLoader.cc:91] Both `d` and `Tr` parameters defined for "CoffeeTable". Use the value of `d` for dissolve (line 8 in .mtl.)

(2026-01-31T04:21:37.684623568) (2026-01-31T04:21:37.684637605) [GUI] [Wrn] [ColladaLoader.cc:2395] Triangle input semantic: 'COLOR' is currently not supported
(2026-01-31T04:21:37.776969892) (2026-01-31T04:21:37.776986535) [GUI] [Wrn] [ColladaLoader.cc:2395] Triangle input semantic: 'COLOR' is currently not supported
