(2026-01-31T04:18:10.264953899) (2026-01-31T04:18:10.265367305) [Msg] Gazebo Sim Server v8.10.0
(2026-01-31T04:18:10.272878531) (2026-01-31T04:18:10.273374891) [Msg] Loading SDF world file[/opt/ros/jazzy/share/turtlebot4_gz_bringup/worlds/warehouse.sdf].
(2026-01-31T04:18:10.378334929) (2026-01-31T04:18:10.378850918) [Wrn] [LocalCache.cc:104] Server directory does not exist [/root/.gz/fuel/fuel.gazebosim.org]
(2026-01-31T04:18:10.380028552) (2026-01-31T04:18:10.380415085) [Msg] Downloading model [fuel.gazebosim.org/openrobotics/models/warehouse]
(2026-01-31T04:18:12.130205207) (2026-01-31T04:18:12.130221790) [Dbg] [FuelClient.cc:1968] Downloading from a referral link [https://gz-fuel-resources-production.s3.amazonaws.com/OpenRobotics/314ff171-6a4e-4521-81ad-99383d70084c/.zips/5.zip?X-Amz-Algorithm=AWS4-HMAC-SHA256&X-Amz-Credential=AKIAS5OHIRKDBY6VUUFF%2F20260131%2Fus-east-1%2Fs3%2Faws4_request&X-Amz-Date=20260131T041811Z&X-Amz-Expires=3600&X-Amz-SignedHeaders=host&X-Amz-Signature=21b0739d97eb573abc08229165e7ffff68f244c97308c08f74a022b697a8eb0c]
(2026-01-31T04:18:16.101269214) (2026-01-31T04:18:16.101278251) [Dbg] [Zip.cc:180] Created file [/root/.gz/fuel/fuel.gazebosim.org/openrobotics/models/warehouse/5/meshes/Asphalt010_1K_Color.jpg]
(2026-01-31T04:18:16.101412386) (2026-01-31T04:18:16.101418779) [Dbg] [Zip.cc:180] Created file [/root/.gz/fuel/fuel.gazebosim.org/openrobotics/models/warehouse/5/meshes/Rough_Square_Concrete_Block.jpg]
(2026-01-31T04:18:16.101541421) (2026-01-31T04:18:16.101550048) [Dbg] [Zip.cc:180] Created file [/root/.gz/fuel/fuel.gazebosim.org/openrobotics/models/warehouse/5/meshes/Tape001_1K_Color.png]
(2026-01-31T04:18:16.102977905) (2026-01-31T04:18:16.102984528) [Dbg] [Zip.cc:180] Created file [/root/.gz/fuel/fuel.gazebosim.org/openrobotics/models/warehouse/5/meshes/Terrazzo005_1K_Color.jpg]
(2026-01-31T04:18:16.103081700) (2026-01-31T04:18:16.103087922) [Dbg] [Zip.cc:180] Created file [/root/.gz/fuel/fuel.gazebosim.org/openrobotics/models/warehouse/5/meshes/ground.png]
(2026-01-31T04:18:16.103835116) (2026-01-31T04:18:16.103841569) [Dbg] [Zip.cc:180] Created file [/root/.gz/fuel/fuel.gazebosim.org/openrobotics/models/warehouse/5/meshes/warehouse.dae]
(2026-01-31T04:18:16.104220978) (2026-01-31T04:18:16.104227420) [Dbg] [Zip.cc:180] Created file [/root/.gz/fuel/fuel.gazebosim.org/openrobotics/models/warehouse/5/meshes/warehouse_colision.stl]
(2026-01-31T04:18:16.104276377) (2026-01-31T04:18:16.104282178) [Dbg] [Zip.cc:180] Created file [/root/.gz/fuel/fuel.gazebosim.org/openrobotics/models/warehouse/5/model.config]
(2026-01-31T04:18:16.104339972) (2026-01-31T04:18:16.104345884) [Dbg] [Zip.cc:180] Created file [/root/.gz/fuel/fuel.gazebosim.org/openrobotics/models/warehouse/5/model.sdf]
(2026-01-31T04:18:16.105344685) (2026-01-31T04:18:16.105357650) [Dbg] [Zip.cc:180] Created file [/root/.gz/fuel/fuel.gazebosim.org/openrobotics/models/warehouse/5/thumbnails/1.png]
(2026-01-31T04:18:16.106499814) (2026-01-31T04:18:16.106506056) [Dbg] [Zip.cc:180] Created file [/root/.gz/fuel/fuel.gazebosim.org/openrobotics/models/warehouse/5/thumbnails/2.png]
(2026-01-31T04:18:16.111779882) (2026-01-31T04:18:16.111787657) [Dbg] [Zip.cc:180] Created file [/root/.gz/fuel/fuel.gazebosim.org/openrobotics/models/warehouse/5/thumbnails/3.png]
(2026-01-31T04:18:16.113050348) (2026-01-31T04:18:16.113057382) [Dbg] [Zip.cc:180] Created file [/root/.gz/fuel/fuel.gazebosim.org/openrobotics/models/warehouse/5/thumbnails/4.png]
(2026-01-31T04:18:16.157806304) (2026-01-31T04:18:16.157815883) [Msg] Downloading model [fuel.gazebosim.org/movai/models/shelf_big]
(2026-01-31T04:18:17.595082624) (2026-01-31T04:18:17.595099227) [Dbg] [FuelClient.cc:1968] Downloading from a referral link [https://gz-fuel-resources-production.s3.amazonaws.com/MovAi/8b8f5b9c-dd04-4ab7-a482-ded293bb42e0/.zips/2.zip?X-Amz-Algorithm=AWS4-HMAC-SHA256&X-Amz-Credential=AKIAS5OHIRKDBY6VUUFF%2F20260131%2Fus-east-1%2Fs3%2Faws4_request&X-Amz-Date=20260131T041817Z&X-Amz-Expires=3600&X-Amz-SignedHeaders=host&X-Amz-Signature=631e2ccde8680ee795c5dd5cd81141c90b08619ca7c587c57525461d3f6486da]
(2026-01-31T04:18:19.981708833) (2026-01-31T04:18:19.981720757) [Dbg] [Zip.cc:180] Created file [/root/.gz/fuel/fuel.gazebosim.org/movai/models/shelf_big/2/meshes/Box_paper_04_1_Base_Color.png]
(2026-01-31T04:18:19.982509332) (2026-01-31T04:18:19.982519292) [Dbg] [Zip.cc:180] Created file [/root/.gz/fuel/fuel.gazebosim.org/movai/models/shelf_big/2/meshes/shelf_big_movai.dae]
(2026-01-31T04:18:19.982592917) (2026-01-31T04:18:19.982601474) [Dbg] [Zip.cc:180] Created file [/root/.gz/fuel/fuel.gazebosim.org/movai/models/shelf_big/2/model.config]
(2026-01-31T04:18:19.982684327) (2026-01-31T04:18:19.982693004) [Dbg] [Zip.cc:180] Created file [/root/.gz/fuel/fuel.gazebosim.org/movai/models/shelf_big/2/model.sdf]
(2026-01-31T04:18:19.983451881) (2026-01-31T04:18:19.983465358) [Dbg] [Zip.cc:180] Created file [/root/.gz/fuel/fuel.gazebosim.org/movai/models/shelf_big/2/thumbnails/1.png]
(2026-01-31T04:18:20.37557737) (2026-01-31T04:18:20.37567527) [Msg] Downloading model [fuel.gazebosim.org/movai/models/shelf]
(2026-01-31T04:18:21.524775681) (2026-01-31T04:18:21.524790620) [Dbg] [FuelClient.cc:1968] Downloading from a referral link [https://gz-fuel-resources-production.s3.amazonaws.com/MovAi/0c61430d-fe6a-45a6-beb9-bac11916ab0d/.zips/1.zip?X-Amz-Algorithm=AWS4-HMAC-SHA256&X-Amz-Credential=AKIAS5OHIRKDBY6VUUFF%2F20260131%2Fus-east-1%2Fs3%2Faws4_request&X-Amz-Date=20260131T041821Z&X-Amz-Expires=3600&X-Amz-SignedHeaders=host&X-Amz-Signature=0599efcf910052ec91d14264a0a5da5dccdb7a61b308169cee89a8d6a79c2611]
(2026-01-31T04:18:23.976509847) (2026-01-31T04:18:23.976521971) [Dbg] [Zip.cc:180] Created file [/root/.gz/fuel/fuel.gazebosim.org/movai/models/shelf/1/meshes/Box_paper_04_1_Base_Color.png]
(2026-01-31T04:18:23.977314985) (2026-01-31T04:18:23.977339222) [Dbg] [Zip.cc:180] Created file [/root/.gz/fuel/fuel.gazebosim.org/movai/models/shelf/1/meshes/shelf_big_movai.dae]
(2026-01-31T04:18:23.977427356) (2026-01-31T04:18:23.977436174) [Dbg] [Zip.cc:180] Created file [/root/.gz/fuel/fuel.gazebosim.org/movai/models/shelf/1/model.config]
(2026-01-31T04:18:23.977548686) (2026-01-31T04:18:23.977557894) [Dbg] [Zip.cc:180] Created file [/root/.gz/fuel/fuel.gazebosim.org/movai/models/shelf/1/model.sdf]
(2026-01-31T04:18:23.978073430) (2026-01-31T04:18:23.978082939) [Dbg] [Zip.cc:180] Created file [/root/.gz/fuel/fuel.gazebosim.org/movai/models/shelf/1/thumbnails/1.png]
(2026-01-31T04:18:24.112567039) (2026-01-31T04:18:24.112577139) [Msg] Downloading model [fuel.gazebosim.org/openrobotics/models/jersey barrier]
(2026-01-31T04:18:25.797674758) (2026-01-31T04:18:25.797694216) [Dbg] [FuelClient.cc:1968] Downloading from a referral link [https://gz-fuel-resources-production.s3.amazonaws.com/OpenRobotics/e75908fc-41d0-496f-9fcd-2b40dd337204/.zips/6.zip?X-Amz-Algorithm=AWS4-HMAC-SHA256&X-Amz-Credential=AKIAS5OHIRKDBY6VUUFF%2F20260131%2Fus-east-1%2Fs3%2Faws4_request&X-Amz-Date=20260131T041825Z&X-Amz-Expires=3600&X-Amz-SignedHeaders=host&X-Amz-Signature=d0b526b29278dd5aafe95fc67c685faf09cd2aae288cc98ceb8c98e7f1bf5a25]
(2026-01-31T04:18:27.95620523) (2026-01-31T04:18:27.95633037) [Dbg] [Zip.cc:180] Created file [/root/.gz/fuel/fuel.gazebosim.org/openrobotics/models/jersey barrier/6/materials/textures/jersey_barrier.jpg]
(2026-01-31T04:18:27.95822721) (2026-01-31T04:18:27.95831649) [Dbg] [Zip.cc:180] Created file [/root/.gz/fuel/fuel.gazebosim.org/openrobotics/models/jersey barrier/6/materials/textures/jersey_barrier_diffuse.jpg]
(2026-01-31T04:18:27.95953629) (2026-01-31T04:18:27.95962667) [Dbg] [Zip.cc:180] Created file [/root/.gz/fuel/fuel.gazebosim.org/openrobotics/models/jersey barrier/6/materials/textures/jersey_barrier_spec.jpg]
(2026-01-31T04:18:27.96290504) (2026-01-31T04:18:27.96300143) [Dbg] [Zip.cc:180] Created file [/root/.gz/fuel/fuel.gazebosim.org/openrobotics/models/jersey barrier/6/meshes/jersey_barrier.dae]
(2026-01-31T04:18:27.96384078) (2026-01-31T04:18:27.96392885) [Dbg] [Zip.cc:180] Created file [/root/.gz/fuel/fuel.gazebosim.org/openrobotics/models/jersey barrier/6/model.config]
(2026-01-31T04:18:27.96478274) (2026-01-31T04:18:27.96488664) [Dbg] [Zip.cc:180] Created file [/root/.gz/fuel/fuel.gazebosim.org/openrobotics/models/jersey barrier/6/model.sdf]
(2026-01-31T04:18:27.96718828) (2026-01-31T04:18:27.96729108) [Dbg] [Zip.cc:180] Created file [/root/.gz/fuel/fuel.gazebosim.org/openrobotics/models/jersey barrier/6/thumbnails/1.jpg]
(2026-01-31T04:18:27.96886539) (2026-01-31T04:18:27.96895316) [Dbg] [Zip.cc:180] Created file [/root/.gz/fuel/fuel.gazebosim.org/openrobotics/models/jersey barrier/6/thumbnails/2.jpg]
(2026-01-31T04:18:27.97018870) (2026-01-31T04:18:27.97027507) [Dbg] [Zip.cc:180] Created file [/root/.gz/fuel/fuel.gazebosim.org/openrobotics/models/jersey barrier/6/thumbnails/3.jpg]
(2026-01-31T04:18:27.97260256) (2026-01-31T04:18:27.97275305) [Dbg] [Zip.cc:180] Created file [/root/.gz/fuel/fuel.gazebosim.org/openrobotics/models/jersey barrier/6/thumbnails/4.jpg]
(2026-01-31T04:18:27.97465500) (2026-01-31T04:18:27.97483616) [Dbg] [Zip.cc:180] Created file [/root/.gz/fuel/fuel.gazebosim.org/openrobotics/models/jersey barrier/6/thumbnails/5.jpg]
(2026-01-31T04:18:27.187525097) (2026-01-31T04:18:27.187534877) [Msg] Downloading model [fuel.gazebosim.org/openrobotics/models/chair]
(2026-01-31T04:18:28.326759161) (2026-01-31T04:18:28.326775012) [Dbg] [FuelClient.cc:1968] Downloading from a referral link [https://gz-fuel-resources-production.s3.amazonaws.com/OpenRobotics/6c26e61f-ac69-46b5-b4b2-422c8f7b0ad3/.zips/3.zip?X-Amz-Algorithm=AWS4-HMAC-SHA256&X-Amz-Credential=AKIAS5OHIRKDBY6VUUFF%2F20260131%2Fus-east-1%2Fs3%2Faws4_request&X-Amz-Date=20260131T041828Z&X-Amz-Expires=3600&X-Amz-SignedHeaders=host&X-Amz-Signature=150d0948f033278fbbf9a0958b39deedbc7dc9fb083c1b781715042f7af96086]
(2026-01-31T04:18:30.945255980) (2026-01-31T04:18:30.945267824) [Dbg] [Zip.cc:180] Created file [/root/.gz/fuel/fuel.gazebosim.org/openrobotics/models/chair/3/meshes/Chair.mtl]
(2026-01-31T04:18:30.945464231) (2026-01-31T04:18:30.945473509) [Dbg] [Zip.cc:180] Created file [/root/.gz/fuel/fuel.gazebosim.org/openrobotics/models/chair/3/meshes/Chair.obj]
(2026-01-31T04:18:30.946124522) (2026-01-31T04:18:30.946133480) [Dbg] [Zip.cc:180] Created file [/root/.gz/fuel/fuel.gazebosim.org/openrobotics/models/chair/3/meshes/Chair.png]
(2026-01-31T04:18:30.948265202) (2026-01-31T04:18:30.948274891) [Dbg] [Zip.cc:180] Created file [/root/.gz/fuel/fuel.gazebosim.org/openrobotics/models/chair/3/meshes/Chair_Diffuse.png]
(2026-01-31T04:18:30.950052415) (2026-01-31T04:18:30.950062655) [Dbg] [Zip.cc:180] Created file [/root/.gz/fuel/fuel.gazebosim.org/openrobotics/models/chair/3/meshes/Chair_Normal.png]
(2026-01-31T04:18:30.950678158) (2026-01-31T04:18:30.950687517) [Dbg] [Zip.cc:180] Created file [/root/.gz/fuel/fuel.gazebosim.org/openrobotics/models/chair/3/meshes/Chair_SpecGloss.png]
(2026-01-31T04:18:30.950761773) (2026-01-31T04:18:30.950770270) [Dbg] [Zip.cc:180] Created file [/root/.gz/fuel/fuel.gazebosim.org/openrobotics/models/chair/3/model.config]
(2026-01-31T04:18:30.950851139) (2026-01-31T04:18:30.950859987) [Dbg] [Zip.cc:180] Created file [/root/.gz/fuel/fuel.gazebosim.org/openrobotics/models/chair/3/model.sdf]
(2026-01-31T04:18:30.951528915) (2026-01-31T04:18:30.951542642) [Dbg] [Zip.cc:180] Created file [/root/.gz/fuel/fuel.gazebosim.org/openrobotics/models/chair/3/thumbnails/1.png]
(2026-01-31T04:18:30.952047618) (2026-01-31T04:18:30.952057036) [Dbg] [Zip.cc:180] Created file [/root/.gz/fuel/fuel.gazebosim.org/openrobotics/models/chair/3/thumbnails/2.png]
(2026-01-31T04:18:30.952462976) (2026-01-31T04:18:30.952471884) [Dbg] [Zip.cc:180] Created file [/root/.gz/fuel/fuel.gazebosim.org/openrobotics/models/chair/3/thumbnails/3.png]
(2026-01-31T04:18:30.952796133) (2026-01-31T04:18:30.952804850) [Dbg] [Zip.cc:180] Created file [/root/.gz/fuel/fuel.gazebosim.org/openrobotics/models/chair/3/thumbnails/4.png]
(2026-01-31T04:18:30.953199408) (2026-01-31T04:18:30.953207274) [Dbg] [Zip.cc:180] Created file [/root/.gz/fuel/fuel.gazebosim.org/openrobotics/models/chair/3/thumbnails/5.png]
(2026-01-31T04:18:30.953310347) (2026-01-31T04:18:30.953317892) [Dbg] [LocalCache.cc:619] Model [chair] loading resource from another model, named [Chair]. On Blueprint (gz-fuel-tools 3) and Citadel (gz-fuel-tools 4), [Chair] is ignored. From Dome (gz-fuel-tools 5), [chair] will be used. If [Chair] is not a model belonging to owner [openrobotics], fix your SDF file!
(2026-01-31T04:18:30.953412949) (2026-01-31T04:18:30.953422287) [Dbg] [LocalCache.cc:619] Model [chair] loading resource from another model, named [Chair]. On Blueprint (gz-fuel-tools 3) and Citadel (gz-fuel-tools 4), [Chair] is ignored. From Dome (gz-fuel-tools 5), [chair] will be used. If [Chair] is not a model belonging to owner [openrobotics], fix your SDF file!
(2026-01-31T04:18:30.993971456) (2026-01-31T04:18:30.993991205) [Msg] Downloading model [fuel.gazebosim.org/openrobotics/models/foldable_chair]
(2026-01-31T04:18:32.751332991) (2026-01-31T04:18:32.751363822) [Dbg] [FuelClient.cc:1968] Downloading from a referral link [https://gz-fuel-resources-production.s3.amazonaws.com/OpenRobotics/6d3e4cf8-4f92-4b93-8990-e2c6a53d9d9a/.zips/3.zip?X-Amz-Algorithm=AWS4-HMAC-SHA256&X-Amz-Credential=AKIAS5OHIRKDBY6VUUFF%2F20260131%2Fus-east-1%2Fs3%2Faws4_request&X-Amz-Date=20260131T041832Z&X-Amz-Expires=3600&X-Amz-SignedHeaders=host&X-Amz-Signature=fb6f932898fe7420beb44eb9b0c724ccc75358bd7d03d100c21a32f63d90afc4]
(2026-01-31T04:18:35.719364043) (2026-01-31T04:18:35.719374223) [Dbg] [Zip.cc:180] Created file [/root/.gz/fuel/fuel.gazebosim.org/openrobotics/models/foldable_chair/3/mesh/foldable_chair.dae]
(2026-01-31T04:18:35.732191970) (2026-01-31T04:18:35.732204826) [Dbg] [Zip.cc:180] Created file [/root/.gz/fuel/fuel.gazebosim.org/openrobotics/models/foldable_chair/3/mesh/foldable_chair.png]
(2026-01-31T04:18:35.732344240) (2026-01-31T04:18:35.732364851) [Dbg] [Zip.cc:180] Created file [/root/.gz/fuel/fuel.gazebosim.org/openrobotics/models/foldable_chair/3/model.config]
(2026-01-31T04:18:35.732455209) (2026-01-31T04:18:35.732463365) [Dbg] [Zip.cc:180] Created file [/root/.gz/fuel/fuel.gazebosim.org/openrobotics/models/foldable_chair/3/model.sdf]
(2026-01-31T04:18:35.732906428) (2026-01-31T04:18:35.732913081) [Dbg] [Zip.cc:180] Created file [/root/.gz/fuel/fuel.gazebosim.org/openrobotics/models/foldable_chair/3/thumbnails/1.png]
(2026-01-31T04:18:35.733195428) (2026-01-31T04:18:35.733201790) [Dbg] [Zip.cc:180] Created file [/root/.gz/fuel/fuel.gazebosim.org/openrobotics/models/foldable_chair/3/thumbnails/2.png]
(2026-01-31T04:18:35.733483425) (2026-01-31T04:18:35.733490018) [Dbg] [Zip.cc:180] Created file [/root/.gz/fuel/fuel.gazebosim.org/openrobotics/models/foldable_chair/3/thumbnails/3.png]
(2026-01-31T04:18:35.733823676) (2026-01-31T04:18:35.733829818) [Dbg] [Zip.cc:180] Created file [/root/.gz/fuel/fuel.gazebosim.org/openrobotics/models/foldable_chair/3/thumbnails/4.png]
(2026-01-31T04:18:35.734093978) (2026-01-31T04:18:35.734100250) [Dbg] [Zip.cc:180] Created file [/root/.gz/fuel/fuel.gazebosim.org/openrobotics/models/foldable_chair/3/thumbnails/5.png]
(2026-01-31T04:18:35.762650969) (2026-01-31T04:18:35.762660438) [Msg] Downloading model [fuel.gazebosim.org/openrobotics/models/coffeetable]
(2026-01-31T04:18:37.325178826) (2026-01-31T04:18:37.325190268) [Dbg] [FuelClient.cc:1968] Downloading from a referral link [https://gz-fuel-resources-production.s3.amazonaws.com/OpenRobotics/86ca3dfe-8e40-44e5-b881-78377cc224dd/.zips/2.zip?X-Amz-Algorithm=AWS4-HMAC-SHA256&X-Amz-Credential=AKIAS5OHIRKDBY6VUUFF%2F20260131%2Fus-east-1%2Fs3%2Faws4_request&X-Amz-Date=20260131T041837Z&X-Amz-Expires=3600&X-Amz-SignedHeaders=host&X-Amz-Signature=a616108a4f9a1f470d20922caac1b3a8043a795c4cf2a433955b91d25cba3720]
(2026-01-31T04:18:39.62479290) (2026-01-31T04:18:39.62488338) [Dbg] [Zip.cc:180] Created file [/root/.gz/fuel/fuel.gazebosim.org/openrobotics/models/coffeetable/2/meshes/CoffeeTable.mtl]
(2026-01-31T04:18:39.62603234) (2026-01-31T04:18:39.62609587) [Dbg] [Zip.cc:180] Created file [/root/.gz/fuel/fuel.gazebosim.org/openrobotics/models/coffeetable/2/meshes/CoffeeTable.obj]
(2026-01-31T04:18:39.62688061) (2026-01-31T04:18:39.62694153) [Dbg] [Zip.cc:180] Created file [/root/.gz/fuel/fuel.gazebosim.org/openrobotics/models/coffeetable/2/meshes/CoffeeTable_Diffuse.png]
(2026-01-31T04:18:39.62988383) (2026-01-31T04:18:39.62995677) [Dbg] [Zip.cc:180] Created file [/root/.gz/fuel/fuel.gazebosim.org/openrobotics/models/coffeetable/2/meshes/CoffeeTable_Normal.png]
(2026-01-31T04:18:39.63106916) (2026-01-31T04:18:39.63113259) [Dbg] [Zip.cc:180] Created file [/root/.gz/fuel/fuel.gazebosim.org/openrobotics/models/coffeetable/2/meshes/CoffeeTable_SpecGloss.png]
(2026-01-31T04:18:39.63162937) (2026-01-31T04:18:39.63168768) [Dbg] [Zip.cc:180] Created file [/root/.gz/fuel/fuel.gazebosim.org/openrobotics/models/coffeetable/2/model.config]
(2026-01-31T04:18:39.63223366) (2026-01-31T04:18:39.63230540) [Dbg] [Zip.cc:180] Created file [/root/.gz/fuel/fuel.gazebosim.org/openrobotics/models/coffeetable/2/model.sdf]
(2026-01-31T04:18:39.63434391) (2026-01-31T04:18:39.63441155) [Dbg] [Zip.cc:180] Created file [/root/.gz/fuel/fuel.gazebosim.org/openrobotics/models/coffeetable/2/thumbnails/1.png]
(2026-01-31T04:18:39.63637522) (2026-01-31T04:18:39.63644275) [Dbg] [Zip.cc:180] Created file [/root/.gz/fuel/fuel.gazebosim.org/openrobotics/models/coffeetable/2/thumbnails/2.png]
(2026-01-31T04:18:39.63739432) (2026-01-31T04:18:39.63745645) [Dbg] [Zip.cc:180] Created file [/root/.gz/fuel/fuel.gazebosim.org/openrobotics/models/coffeetable/2/thumbnails/3.png]
(2026-01-31T04:18:39.63834089) (2026-01-31T04:18:39.63840181) [Dbg] [Zip.cc:180] Created file [/root/.gz/fuel/fuel.gazebosim.org/openrobotics/models/coffeetable/2/thumbnails/4.png]
(2026-01-31T04:18:39.63936220) (2026-01-31T04:18:39.63945298) [Dbg] [Zip.cc:180] Created file [/root/.gz/fuel/fuel.gazebosim.org/openrobotics/models/coffeetable/2/thumbnails/5.png]
(2026-01-31T04:18:39.64026207) (2026-01-31T04:18:39.64032279) [Dbg] [LocalCache.cc:619] Model [coffeetable] loading resource from another model, named [CoffeeTable]. On Blueprint (gz-fuel-tools 3) and Citadel (gz-fuel-tools 4), [CoffeeTable] is ignored. From Dome (gz-fuel-tools 5), [coffeetable] will be used. If [CoffeeTable] is not a model belonging to owner [openrobotics], fix your SDF file!
(2026-01-31T04:18:39.64082248) (2026-01-31T04:18:39.64087588) [Dbg] [LocalCache.cc:619] Model [coffeetable] loading resource from another model, named [CoffeeTable]. On Blueprint (gz-fuel-tools 3) and Citadel (gz-fuel-tools 4), [CoffeeTable] is ignored. From Dome (gz-fuel-tools 5), [coffeetable] will be used. If [CoffeeTable] is not a model belonging to owner [openrobotics], fix your SDF file!
(2026-01-31T04:18:39.80817856) (2026-01-31T04:18:39.80832084) [Msg] Downloading model [fuel.gazebosim.org/openrobotics/models/femalevisitorsit]
(2026-01-31T04:18:40.636357116) (2026-01-31T04:18:40.636372987) [Dbg] [FuelClient.cc:1968] Downloading from a referral link [https://gz-fuel-resources-production.s3.amazonaws.com/OpenRobotics/14970736-c0d1-4a2a-bbef-6f98384dd180/.zips/2.zip?X-Amz-Algorithm=AWS4-HMAC-SHA256&X-Amz-Credential=AKIAS5OHIRKDBY6VUUFF%2F20260131%2Fus-east-1%2Fs3%2Faws4_request&X-Amz-Date=20260131T041840Z&X-Amz-Expires=3600&X-Amz-SignedHeaders=host&X-Amz-Signature=f44f42e89f12d2f44395e3c0faeec61da74fc637434fcb3d656ec0a7e69f6360]
(2026-01-31T04:18:42.888758227) (2026-01-31T04:18:42.888770431) [Dbg] [Zip.cc:180] Created file [/root/.gz/fuel/fuel.gazebosim.org/openrobotics/models/femalevisitorsit/2/meshes/FemaleVisitorSit.mtl]
(2026-01-31T04:18:42.889956827) (2026-01-31T04:18:42.889966557) [Dbg] [Zip.cc:180] Created file [/root/.gz/fuel/fuel.gazebosim.org/openrobotics/models/femalevisitorsit/2/meshes/FemaleVisitorSit.obj]
(2026-01-31T04:18:42.891787533) (2026-01-31T04:18:42.891796972) [Dbg] [Zip.cc:180] Created file [/root/.gz/fuel/fuel.gazebosim.org/openrobotics/models/femalevisitorsit/2/meshes/FemaleVisitorSit.png]
(2026-01-31T04:18:42.891867440) (2026-01-31T04:18:42.891876067) [Dbg] [Zip.cc:180] Created file [/root/.gz/fuel/fuel.gazebosim.org/openrobotics/models/femalevisitorsit/2/meshes/FemaleVisitorSit_Col.mtl]
(2026-01-31T04:18:42.891963730) (2026-01-31T04:18:42.891972277) [Dbg] [Zip.cc:180] Created file [/root/.gz/fuel/fuel.gazebosim.org/openrobotics/models/femalevisitorsit/2/meshes/FemaleVisitorSit_Col.obj]
(2026-01-31T04:18:42.892280985) (2026-01-31T04:18:42.892289973) [Dbg] [Zip.cc:180] Created file [/root/.gz/fuel/fuel.gazebosim.org/openrobotics/models/femalevisitorsit/2/meshes/HandbagBlack.png]
(2026-01-31T04:18:42.892364169) (2026-01-31T04:18:42.892372295) [Dbg] [Zip.cc:180] Created file [/root/.gz/fuel/fuel.gazebosim.org/openrobotics/models/femalevisitorsit/2/model.config]
(2026-01-31T04:18:42.892448344) (2026-01-31T04:18:42.892456420) [Dbg] [Zip.cc:180] Created file [/root/.gz/fuel/fuel.gazebosim.org/openrobotics/models/femalevisitorsit/2/model.sdf]
(2026-01-31T04:18:42.892759026) (2026-01-31T04:18:42.892767864) [Dbg] [Zip.cc:180] Created file [/root/.gz/fuel/fuel.gazebosim.org/openrobotics/models/femalevisitorsit/2/thumbnails/1.png]
(2026-01-31T04:18:42.892986945) (2026-01-31T04:18:42.892995863) [Dbg] [Zip.cc:180] Created file [/root/.gz/fuel/fuel.gazebosim.org/openrobotics/models/femalevisitorsit/2/thumbnails/2.png]
(2026-01-31T04:18:42.893229914) (2026-01-31T04:18:42.893238070) [Dbg] [Zip.cc:180] Created file [/root/.gz/fuel/fuel.gazebosim.org/openrobotics/models/femalevisitorsit/2/thumbnails/3.png]
(2026-01-31T04:18:42.893478283) (2026-01-31T04:18:42.893486379) [Dbg] [Zip.cc:180] Created file [/root/.gz/fuel/fuel.gazebosim.org/openrobotics/models/femalevisitorsit/2/thumbnails/4.png]
(2026-01-31T04:18:42.893756000) (2026-01-31T04:18:42.893764787) [Dbg] [Zip.cc:180] Created file [/root/.gz/fuel/fuel.gazebosim.org/openrobotics/models/femalevisitorsit/2/thumbnails/5.png]
(2026-01-31T04:18:42.893868572) (2026-01-31T04:18:42.893876327) [Dbg] [LocalCache.cc:619] Model [femalevisitorsit] loading resource from another model, named [FemaleVisitorSit]. On Blueprint (gz-fuel-tools 3) and Citadel (gz-fuel-tools 4), [FemaleVisitorSit] is ignored. From Dome (gz-fuel-tools 5), [femalevisitorsit] will be used. If [FemaleVisitorSit] is not a model belonging to owner [openrobotics], fix your SDF file!
(2026-01-31T04:18:42.893941576) (2026-01-31T04:18:42.893948459) [Dbg] [LocalCache.cc:619] Model [femalevisitorsit] loading resource from another model, named [FemaleVisitorSit]. On Blueprint (gz-fuel-tools 3) and Citadel (gz-fuel-tools 4), [FemaleVisitorSit] is ignored. From Dome (gz-fuel-tools 5), [femalevisitorsit] will be used. If [FemaleVisitorSit] is not a model belonging to owner [openrobotics], fix your SDF file!
(2026-01-31T04:18:42.912764719) (2026-01-31T04:18:42.912778416) [Msg] Downloading model [fuel.gazebosim.org/openrobotics/models/malevisitoronphone]
(2026-01-31T04:18:44.341276383) (2026-01-31T04:18:44.341290861) [Dbg] [FuelClient.cc:1968] Downloading from a referral link [https://gz-fuel-resources-production.s3.amazonaws.com/OpenRobotics/d7fd6d9c-f3c4-4dab-a616-35435c07bee3/.zips/2.zip?X-Amz-Algorithm=AWS4-HMAC-SHA256&X-Amz-Credential=AKIAS5OHIRKDBY6VUUFF%2F20260131%2Fus-east-1%2Fs3%2Faws4_request&X-Amz-Date=20260131T041844Z&X-Amz-Expires=3600&X-Amz-SignedHeaders=host&X-Amz-Signature=398e8b69e5f53f0644b93c115828de58a1f046fdb7cfdc25ac2ccdc720ae258a]
(2026-01-31T04:18:46.580732117) (2026-01-31T04:18:46.580744190) [Dbg] [Zip.cc:180] Created file [/root/.gz/fuel/fuel.gazebosim.org/openrobotics/models/malevisitoronphone/2/meshes/MaleVisitor.png]
(2026-01-31T04:18:46.580811232) (2026-01-31T04:18:46.580819719) [Dbg] [Zip.cc:180] Created file [/root/.gz/fuel/fuel.gazebosim.org/openrobotics/models/malevisitoronphone/2/meshes/MaleVisitorStatic.mtl]
(2026-01-31T04:18:46.581485470) (2026-01-31T04:18:46.581494678) [Dbg] [Zip.cc:180] Created file [/root/.gz/fuel/fuel.gazebosim.org/openrobotics/models/malevisitoronphone/2/meshes/MaleVisitorStatic.obj]
(2026-01-31T04:18:46.581552081) (2026-01-31T04:18:46.581560398) [Dbg] [Zip.cc:180] Created file [/root/.gz/fuel/fuel.gazebosim.org/openrobotics/models/malevisitoronphone/2/meshes/MaleVisitorStatic_Col.mtl]
(2026-01-31T04:18:46.581627470) (2026-01-31T04:18:46.581636868) [Dbg] [Zip.cc:180] Created file [/root/.gz/fuel/fuel.gazebosim.org/openrobotics/models/malevisitoronphone/2/meshes/MaleVisitorStatic_Col.obj]
(2026-01-31T04:18:46.581727336) (2026-01-31T04:18:46.581733288) [Dbg] [Zip.cc:180] Created file [/root/.gz/fuel/fuel.gazebosim.org/openrobotics/models/malevisitoronphone/2/meshes/Phone.png]
(2026-01-31T04:18:46.581790531) (2026-01-31T04:18:46.581796422) [Dbg] [Zip.cc:180] Created file [/root/.gz/fuel/fuel.gazebosim.org/openrobotics/models/malevisitoronphone/2/model.config]
(2026-01-31T04:18:46.581853875) (2026-01-31T04:18:46.581859747) [Dbg] [Zip.cc:180] Created file [/root/.gz/fuel/fuel.gazebosim.org/openrobotics/models/malevisitoronphone/2/model.sdf]
(2026-01-31T04:18:46.582060552) (2026-01-31T04:18:46.582066885) [Dbg] [Zip.cc:180] Created file [/root/.gz/fuel/fuel.gazebosim.org/openrobotics/models/malevisitoronphone/2/thumbnails/1.png]
(2026-01-31T04:18:46.582223253) (2026-01-31T04:18:46.582233042) [Dbg] [Zip.cc:180] Created file [/root/.gz/fuel/fuel.gazebosim.org/openrobotics/models/malevisitoronphone/2/thumbnails/2.png]
(2026-01-31T04:18:46.582466732) (2026-01-31T04:18:46.582473676) [Dbg] [Zip.cc:180] Created file [/root/.gz/fuel/fuel.gazebosim.org/openrobotics/models/malevisitoronphone/2/thumbnails/3.png]
(2026-01-31T04:18:46.582635695) (2026-01-31T04:18:46.582641877) [Dbg] [Zip.cc:180] Created file [/root/.gz/fuel/fuel.gazebosim.org/openrobotics/models/malevisitoronphone/2/thumbnails/4.png]
(2026-01-31T04:18:46.582828024) (2026-01-31T04:18:46.582834166) [Dbg] [Zip.cc:180] Created file [/root/.gz/fuel/fuel.gazebosim.org/openrobotics/models/malevisitoronphone/2/thumbnails/5.png]
(2026-01-31T04:18:46.582915646) (2026-01-31T04:18:46.582921498) [Dbg] [LocalCache.cc:619] Model [malevisitoronphone] loading resource from another model, named [MaleVisitorOnPhone]. On Blueprint (gz-fuel-tools 3) and Citadel (gz-fuel-tools 4), [MaleVisitorOnPhone] is ignored. From Dome (gz-fuel-tools 5), [malevisitoronphone] will be used. If [MaleVisitorOnPhone] is not a model belonging to owner [openrobotics], fix your SDF file!
(2026-01-31T04:18:46.582971155) (2026-01-31T04:18:46.582976486) [Dbg] [LocalCache.cc:619] Model [malevisitoronphone] loading resource from another model, named [MaleVisitorOnPhone]. On Blueprint (gz-fuel-tools 3) and Citadel (gz-fuel-tools 4), [MaleVisitorOnPhone] is ignored. From Dome (gz-fuel-tools 5), [malevisitoronphone] will be used. If [MaleVisitorOnPhone] is not a model belonging to owner [openrobotics], fix your SDF file!
(2026-01-31T04:18:46.601684753) (2026-01-31T04:18:46.601697108) [Msg] Downloading model [fuel.gazebosim.org/plateau/models/casual female]
(2026-01-31T04:18:48.22492118) (2026-01-31T04:18:48.22508570) [Dbg] [FuelClient.cc:1968] Downloading from a referral link [https://gz-fuel-resources-production.s3.amazonaws.com/plateau/89535190-0228-4f69-9f9c-ab9f58034d12/.zips/1.zip?X-Amz-Algorithm=AWS4-HMAC-SHA256&X-Amz-Credential=AKIAS5OHIRKDBY6VUUFF%2F20260131%2Fus-east-1%2Fs3%2Faws4_request&X-Amz-Date=20260131T041847Z&X-Amz-Expires=3600&X-Amz-SignedHeaders=host&X-Amz-Signature=f28d3ecf250a0f7044ab4bcdf9476e85af5c57652d5a331757fdbc0b9d0a8185]
(2026-01-31T04:18:58.91455229) (2026-01-31T04:18:58.91466782) [Dbg] [Zip.cc:180] Created file [/root/.gz/fuel/fuel.gazebosim.org/plateau/models/casual female/1/materials/textures/brown_eye.png]
(2026-01-31T04:18:58.92701962) (2026-01-31T04:18:58.92710028) [Dbg] [Zip.cc:180] Created file [/root/.gz/fuel/fuel.gazebosim.org/plateau/models/casual female/1/materials/textures/casual_female.png]
(2026-01-31T04:18:58.93115616) (2026-01-31T04:18:58.93122540) [Dbg] [Zip.cc:180] Created file [/root/.gz/fuel/fuel.gazebosim.org/plateau/models/casual female/1/materials/textures/eyebrow002.png]
(2026-01-31T04:18:58.93509080) (2026-01-31T04:18:58.93515873) [Dbg] [Zip.cc:180] Created file [/root/.gz/fuel/fuel.gazebosim.org/plateau/models/casual female/1/materials/textures/eyelashes01.png]
(2026-01-31T04:18:58.99320644) (2026-01-31T04:18:58.99331396) [Dbg] [Zip.cc:180] Created file [/root/.gz/fuel/fuel.gazebosim.org/plateau/models/casual female/1/materials/textures/female_casualsuit01_diffuse.png]
(2026-01-31T04:18:58.122414031) (2026-01-31T04:18:58.122429792) [Dbg] [Zip.cc:180] Created file [/root/.gz/fuel/fuel.gazebosim.org/plateau/models/casual female/1/materials/textures/female_casualsuit01_normal.png]
(2026-01-31T04:18:58.130602261) (2026-01-31T04:18:58.130618333) [Dbg] [Zip.cc:180] Created file [/root/.gz/fuel/fuel.gazebosim.org/plateau/models/casual female/1/materials/textures/female_casualsuit02_diffuse.png]
(2026-01-31T04:18:58.138780702) (2026-01-31T04:18:58.138793608) [Dbg] [Zip.cc:180] Created file [/root/.gz/fuel/fuel.gazebosim.org/plateau/models/casual female/1/materials/textures/female_casualsuit02_normal.png]
(2026-01-31T04:18:58.146736034) (2026-01-31T04:18:58.146750112) [Dbg] [Zip.cc:180] Created file [/root/.gz/fuel/fuel.gazebosim.org/plateau/models/casual female/1/materials/textures/ponytail01_diffuse.png]
(2026-01-31T04:18:58.150683140) (2026-01-31T04:18:58.150705064) [Dbg] [Zip.cc:180] Created file [/root/.gz/fuel/fuel.gazebosim.org/plateau/models/casual female/1/materials/textures/shoes05_diffuse.png]
(2026-01-31T04:18:58.153581062) (2026-01-31T04:18:58.153592595) [Dbg] [Zip.cc:180] Created file [/root/.gz/fuel/fuel.gazebosim.org/plateau/models/casual female/1/materials/textures/tongue01_diffuse.png]
(2026-01-31T04:18:58.158462787) (2026-01-31T04:18:58.158477857) [Dbg] [Zip.cc:180] Created file [/root/.gz/fuel/fuel.gazebosim.org/plateau/models/casual female/1/materials/textures/young_lightskinned_female_diffuse.png]
(2026-01-31T04:18:58.176026373) (2026-01-31T04:18:58.176041202) [Dbg] [Zip.cc:180] Created file [/root/.gz/fuel/fuel.gazebosim.org/plateau/models/casual female/1/meshes/casual_female.dae]
(2026-01-31T04:18:58.176200436) (2026-01-31T04:18:58.176210405) [Dbg] [Zip.cc:180] Created file [/root/.gz/fuel/fuel.gazebosim.org/plateau/models/casual female/1/model.config]
(2026-01-31T04:18:58.176302446) (2026-01-31T04:18:58.176314390) [Dbg] [Zip.cc:180] Created file [/root/.gz/fuel/fuel.gazebosim.org/plateau/models/casual female/1/model.sdf]
(2026-01-31T04:18:58.176662345) (2026-01-31T04:18:58.176672515) [Dbg] [Zip.cc:180] Created file [/root/.gz/fuel/fuel.gazebosim.org/plateau/models/casual female/1/thumbnails/1.png]
(2026-01-31T04:18:58.176867418) (2026-01-31T04:18:58.176876877) [Dbg] [Zip.cc:180] Created file [/root/.gz/fuel/fuel.gazebosim.org/plateau/models/casual female/1/thumbnails/2.png]
(2026-01-31T04:18:58.177184662) (2026-01-31T04:18:58.177194802) [Dbg] [Zip.cc:180] Created file [/root/.gz/fuel/fuel.gazebosim.org/plateau/models/casual female/1/thumbnails/3.png]
(2026-01-31T04:18:58.177531605) (2026-01-31T04:18:58.177542015) [Dbg] [Zip.cc:180] Created file [/root/.gz/fuel/fuel.gazebosim.org/plateau/models/casual female/1/thumbnails/4.png]
(2026-01-31T04:18:58.177850162) (2026-01-31T04:18:58.177859560) [Dbg] [Zip.cc:180] Created file [/root/.gz/fuel/fuel.gazebosim.org/plateau/models/casual female/1/thumbnails/5.png]
(2026-01-31T04:18:58.309319889) (2026-01-31T04:18:58.309331762) [Msg] Serving entity system service on [/entity/system/add]
(2026-01-31T04:18:58.351970304) (2026-01-31T04:18:58.351981215) [Dbg] [Physics.cc:899] Loaded [gz::physics::dartsim::Plugin] from library [/opt/ros/jazzy/opt/gz_physics_vendor/lib/gz-physics-7/engine-plugins/libgz-physics-dartsim-plugin.so]
(2026-01-31T04:18:58.352030923) (2026-01-31T04:18:58.352036464) [Dbg] [SystemManager.cc:80] Loaded system [gz::sim::systems::Physics] for entity [1]
(2026-01-31T04:18:58.353780606) (2026-01-31T04:18:58.353788591) [Msg] Create service on [/world/warehouse/create_multiple] (async)
(2026-01-31T04:18:58.353814563) (2026-01-31T04:18:58.353820083) [Msg] Create service on [/world/warehouse/create_multiple/blocking] (blocking)
(2026-01-31T04:18:58.353946141) (2026-01-31T04:18:58.353953696) [Msg] Remove service on [/world/warehouse/remove] (async)
(2026-01-31T04:18:58.353982794) (2026-01-31T04:18:58.353990499) [Msg] Remove service on [/world/warehouse/remove/blocking] (blocking)
(2026-01-31T04:18:58.354124933) (2026-01-31T04:18:58.354132498) [Msg] Pose service on [/world/warehouse/set_pose] (async)
(2026-01-31T04:18:58.354164070) (2026-01-31T04:18:58.354169531) [Msg] Pose service on [/world/warehouse/set_pose/blocking] (blocking)
(2026-01-31T04:18:58.354304697) (2026-01-31T04:18:58.354311420) [Msg] Pose service on [/world/warehouse/set_pose_vector] (async)
(2026-01-31T04:18:58.354332221) (2026-01-31T04:18:58.354338052) [Msg] Pose service on [/world/warehouse/set_pose_vector/blocking] (blocking)
(2026-01-31T04:18:58.354514991) (2026-01-31T04:18:58.354521994) [Msg] Light configuration service on [/world/warehouse/light_config] (async)
(2026-01-31T04:18:58.354544048) (2026-01-31T04:18:58.354549338) [Msg] Light configuration service on [/world/warehouse/light_config/blocking] (blocking)
(2026-01-31T04:18:58.354965888) (2026-01-31T04:18:58.354973332) [Msg] Physics service on [/world/warehouse/set_physics] (async)
(2026-01-31T04:18:58.354996027) (2026-01-31T04:18:58.355001418) [Msg] Physics service on [/world/warehouse/set_physics/blocking] (blocking)
(2026-01-31T04:18:58.355156713) (2026-01-31T04:18:58.355164709) [Msg] SphericalCoordinates service on [/world/warehouse/set_spherical_coordinates] (async)
(2026-01-31T04:18:58.355189578) (2026-01-31T04:18:58.355195089) [Msg] SphericalCoordinates service on [/world/warehouse/set_spherical_coordinates/blocking] (blocking)
(2026-01-31T04:18:58.355374652) (2026-01-31T04:18:58.355385774) [Msg] Enable collision service on [/world/warehouse/enable_collision] (async)
(2026-01-31T04:18:58.355429520) (2026-01-31T04:18:58.355436885) [Msg] Enable collision service on [/world/warehouse/enable_collision/blocking] (blocking)
(2026-01-31T04:18:58.355582581) (2026-01-31T04:18:58.355595276) [Msg] Disable collision service on [/world/warehouse/disable_collision] (async)
(2026-01-31T04:18:58.355641517) (2026-01-31T04:18:58.355653340) [Msg] Disable collision service on [/world/warehouse/disable_collision/blocking] (blocking)
(2026-01-31T04:18:58.355926338) (2026-01-31T04:18:58.355936267) [Msg] Material service on [/world/warehouse/visual_config] (async)
(2026-01-31T04:18:58.355965925) (2026-01-31T04:18:58.355972969) [Msg] Material service on [/world/warehouse/visual_config/blocking] (blocking)
(2026-01-31T04:18:58.356182762) (2026-01-31T04:18:58.356194315) [Msg] Material service on [/world/warehouse/wheel_slip] (async)
(2026-01-31T04:18:58.356238291) (2026-01-31T04:18:58.356249914) [Msg] Material service on [/world/warehouse/wheel_slip/blocking] (blocking)
(2026-01-31T04:18:58.356299772) (2026-01-31T04:18:58.356308119) [Dbg] [SystemManager.cc:80] Loaded system [gz::sim::systems::UserCommands] for entity [1]
(2026-01-31T04:18:58.357440316) (2026-01-31T04:18:58.357450396) [Dbg] [SystemManager.cc:80] Loaded system [gz::sim::systems::SceneBroadcaster] for entity [1]
(2026-01-31T04:18:58.358158810) (2026-01-31T04:18:58.358166084) [Dbg] [SystemManager.cc:80] Loaded system [gz::sim::systems::Contact] for entity [1]
(2026-01-31T04:18:58.359609825) (2026-01-31T04:18:58.359620345) [Msg] Loaded level [default]
(2026-01-31T04:18:58.361150065) (2026-01-31T04:18:58.361158672) [Msg] Serving world controls on [/world/warehouse/control], [/world/warehouse/control/state] and [/world/warehouse/playback/control]
(2026-01-31T04:18:58.361262797) (2026-01-31T04:18:58.361269350) [Msg] Serving GUI information on [/world/warehouse/gui/info]
(2026-01-31T04:18:58.361293598) (2026-01-31T04:18:58.361301493) [Msg] World [warehouse] initialized with [default_physics] physics profile.
(2026-01-31T04:18:58.361423623) (2026-01-31T04:18:58.361430186) [Msg] Serving world SDF generation service on [/world/warehouse/generate_world_sdf]
(2026-01-31T04:18:58.361524873) (2026-01-31T04:18:58.361531065) [Msg] Serving world names on [/gazebo/worlds]
(2026-01-31T04:18:58.361588698) (2026-01-31T04:18:58.361594720) [Msg] Resource path add service on [/gazebo/resource_paths/add].
(2026-01-31T04:18:58.361650830) (2026-01-31T04:18:58.361656792) [Msg] Resource path get service on [/gazebo/resource_paths/get].
(2026-01-31T04:18:58.361711069) (2026-01-31T04:18:58.361717171) [Msg] Resource path resolve service on [/gazebo/resource_paths/resolve].
(2026-01-31T04:18:58.361971321) (2026-01-31T04:18:58.361978455) [Msg] Resource paths published on [/gazebo/resource_paths].
(2026-01-31T04:18:58.362091037) (2026-01-31T04:18:58.362097780) [Msg] Server control service on [/server_control].
(2026-01-31T04:18:58.362227715) (2026-01-31T04:18:58.362233918) [Msg] Found no publishers on /stats, adding root stats topic
(2026-01-31T04:18:58.362365296) (2026-01-31T04:18:58.362371749) [Msg] Found no publishers on /clock, adding root clock topic
(2026-01-31T04:18:58.362493809) (2026-01-31T04:18:58.362503308) [Dbg] [SimulationRunner.cc:533] Creating PostUpdate worker threads: 3
(2026-01-31T04:18:58.362533277) (2026-01-31T04:18:58.362541012) [Dbg] [SimulationRunner.cc:544] Creating postupdate worker thread (0)
(2026-01-31T04:18:58.362607713) (2026-01-31T04:18:58.362616240) [Dbg] [SimulationRunner.cc:544] Creating postupdate worker thread (1)
(2026-01-31T04:18:58.364426041) (2026-01-31T04:18:58.364438124) [Dbg] [SDFFeatures.cc:332] Mesh construction from an SDF has not been implemented yet for dartsim. Use AttachMeshShapeFeature to use mesh shapes.
(2026-01-31T04:18:58.364465568) (2026-01-31T04:18:58.364473835) [Dbg] [SDFFeatures.cc:864] The geometry element of collision [warehouse_collision] couldn't be created
(2026-01-31T04:18:58.370610970) (2026-01-31T04:18:58.370623524) [Dbg] [SDFFeatures.cc:332] Mesh construction from an SDF has not been implemented yet for dartsim. Use AttachMeshShapeFeature to use mesh shapes.
(2026-01-31T04:18:58.370649225) (2026-01-31T04:18:58.370656659) [Dbg] [SDFFeatures.cc:864] The geometry element of collision [collision] couldn't be created
(2026-01-31T04:18:58.370764682) (2026-01-31T04:18:58.370773489) [Dbg] [SDFFeatures.cc:332] Mesh construction from an SDF has not been implemented yet for dartsim. Use AttachMeshShapeFeature to use mesh shapes.
(2026-01-31T04:18:58.370794250) (2026-01-31T04:18:58.370801535) [Dbg] [SDFFeatures.cc:864] The geometry element of collision [collision] couldn't be created
(2026-01-31T04:18:58.371406254) (2026-01-31T04:18:58.371415513) [Dbg] [SDFFeatures.cc:332] Mesh construction from an SDF has not been implemented yet for dartsim. Use AttachMeshShapeFeature to use mesh shapes.
(2026-01-31T04:18:58.371436614) (2026-01-31T04:18:58.371443928) [Dbg] [SDFFeatures.cc:864] The geometry element of collision [collision] couldn't be created
(2026-01-31T04:18:58.371545258) (2026-01-31T04:18:58.371553544) [Dbg] [SDFFeatures.cc:332] Mesh construction from an SDF has not been implemented yet for dartsim. Use AttachMeshShapeFeature to use mesh shapes.
(2026-01-31T04:18:58.371578193) (2026-01-31T04:18:58.371587210) [Dbg] [SDFFeatures.cc:864] The geometry element of collision [collision] couldn't be created
(2026-01-31T04:18:58.371693620) (2026-01-31T04:18:58.371704782) [Dbg] [SDFFeatures.cc:332] Mesh construction from an SDF has not been implemented yet for dartsim. Use AttachMeshShapeFeature to use mesh shapes.
(2026-01-31T04:18:58.371725693) (2026-01-31T04:18:58.371733117) [Dbg] [SDFFeatures.cc:864] The geometry element of collision [collision] couldn't be created
(2026-01-31T04:18:58.375659893) (2026-01-31T04:18:58.375671737) [Wrn] [OBJLoader.cc:91] Both `d` and `Tr` parameters defined for "Chair". Use the value of `d` for dissolve (line 8 in .mtl.)

(2026-01-31T04:18:58.376882238) (2026-01-31T04:18:58.376893090) [Wrn] [OBJLoader.cc:91] Both `d` and `Tr` parameters defined for "CoffeeTable". Use the value of `d` for dissolve (line 8 in .mtl.)

(2026-01-31T04:18:58.377664668) (2026-01-31T04:18:58.377675750) [Dbg] [SimulationFeatures.cc:90] Simulation timestep set to: 0.003
(2026-01-31T04:18:58.384194926) (2026-01-31T04:18:58.384208824) [Msg] Serving scene information on [/world/warehouse/scene/info]
(2026-01-31T04:18:58.384328519) (2026-01-31T04:18:58.384341535) [Msg] Serving graph information on [/world/warehouse/scene/graph]
(2026-01-31T04:18:58.384521008) (2026-01-31T04:18:58.384530076) [Msg] Serving full state on [/world/warehouse/state]
(2026-01-31T04:18:58.384622527) (2026-01-31T04:18:58.384631555) [Msg] Serving full state (async) on [/world/warehouse/state_async]
(2026-01-31T04:18:58.384761892) (2026-01-31T04:18:58.384770529) [Msg] Publishing scene information on [/world/warehouse/scene/info]
(2026-01-31T04:18:58.384901566) (2026-01-31T04:18:58.384910534) [Msg] Publishing entity deletions on [/world/warehouse/scene/deletion]
(2026-01-31T04:18:58.384991854) (2026-01-31T04:18:58.385000170) [Msg] Publishing state changes on [/world/warehouse/state]
(2026-01-31T04:18:58.385101249) (2026-01-31T04:18:58.385110217) [Msg] Publishing pose messages on [/world/warehouse/pose/info]
(2026-01-31T04:18:58.385203130) (2026-01-31T04:18:58.385212849) [Msg] Publishing dynamic pose messages on [/world/warehouse/dynamic_pose/info]
(2026-01-31T04:18:58.773969189) (2026-01-31T04:18:58.773983227) [Dbg] [SystemManager.cc:80] Loaded system [gz::sim::systems::PosePublisher] for entity [132]
(2026-01-31T04:18:58.774100367) (2026-01-31T04:18:58.774107972) [Dbg] [UserCommands.cc:1094] Created entity [132] named [standard_dock]
(2026-01-31T04:18:58.916202293) (2026-01-31T04:18:58.916213746) [Wrn] [SdfEntityCreator.cc:933] Gazebo does not support Ogre material scripts. See https://gazebosim.org/api/sim/8/migrationsdf.html#:~:text=Materials for details.
(2026-01-31T04:18:58.916255087) (2026-01-31T04:18:58.916262582) [Wrn] [SdfEntityCreator.cc:949] Using an internal gazebo.material to parse Gazebo/DarkGrey
(2026-01-31T04:18:58.916456012) (2026-01-31T04:18:58.916464680) [Wrn] [SdfEntityCreator.cc:933] Gazebo does not support Ogre material scripts. See https://gazebosim.org/api/sim/8/migrationsdf.html#:~:text=Materials for details.
(2026-01-31T04:18:58.916498165) (2026-01-31T04:18:58.916505340) [Wrn] [SdfEntityCreator.cc:949] Using an internal gazebo.material to parse Gazebo/DarkGrey
(2026-01-31T04:18:58.917603119) (2026-01-31T04:18:58.917612368) [Wrn] [SdfEntityCreator.cc:933] Gazebo does not support Ogre material scripts. See https://gazebosim.org/api/sim/8/migrationsdf.html#:~:text=Materials for details.
(2026-01-31T04:18:58.917646865) (2026-01-31T04:18:58.917654671) [Wrn] [SdfEntityCreator.cc:949] Using an internal gazebo.material to parse Gazebo/DarkGrey
(2026-01-31T04:18:58.917790208) (2026-01-31T04:18:58.917799225) [Wrn] [SdfEntityCreator.cc:933] Gazebo does not support Ogre material scripts. See https://gazebosim.org/api/sim/8/migrationsdf.html#:~:text=Materials for details.
(2026-01-31T04:18:58.917838112) (2026-01-31T04:18:58.917845466) [Wrn] [SdfEntityCreator.cc:949] Using an internal gazebo.material to parse Gazebo/DarkGrey
(2026-01-31T04:19:01.63280068) (2026-01-31T04:19:01.63291932) [Dbg] [SystemManager.cc:80] Loaded system [gz_ros2_control::GazeboSimROS2ControlPlugin] for entity [148]
(2026-01-31T04:19:01.63908494) (2026-01-31T04:19:01.63916220) [Dbg] [SystemManager.cc:80] Loaded system [gz::sim::systems::PosePublisher] for entity [148]
(2026-01-31T04:19:01.64205649) (2026-01-31T04:19:01.64214617) [Dbg] [SystemManager.cc:80] Loaded system [gz::sim::systems::Contact] for entity [148]
(2026-01-31T04:19:01.69293968) (2026-01-31T04:19:01.69302545) [Dbg] [Sensors.cc:697] Configuring Sensors system
(2026-01-31T04:19:01.69369818) (2026-01-31T04:19:01.69375759) [Dbg] [Sensors.cc:557] SensorsPrivate::Run
(2026-01-31T04:19:01.69456388) (2026-01-31T04:19:01.69464444) (2026-01-31T04:19:01.69484824) (2026-01-31T04:19:01.69495735) [Dbg] [SystemManager.cc:80] Loaded system [gz::sim::systems::Sensors] for entity [SensorsPrivate::RenderThread started148]
(2026-01-31T04:19:01.69545593) (2026-01-31T04:19:01.69551335) [Dbg] [Sensors.cc:337] Waiting for init
(2026-01-31T04:19:01.69720678) (2026-01-31T04:19:01.69727080) [Dbg] [UserCommands.cc:1094] Created entity [148] named [turtlebot4]
(2026-01-31T04:19:01.76023496) (2026-01-31T04:19:01.76032444) [Msg] Contact system publishing on /bumper_contact
(2026-01-31T04:19:01.77760804) (2026-01-31T04:19:01.77769801) [Dbg] [SDFFeatures.cc:332] Mesh construction from an SDF has not been implemented yet for dartsim. Use AttachMeshShapeFeature to use mesh shapes.
(2026-01-31T04:19:01.77787426) (2026-01-31T04:19:01.77792817) [Dbg] [SDFFeatures.cc:864] The geometry element of collision [base_link_fixed_joint_lump__shell_collision_collision_1] couldn't be created
(2026-01-31T04:19:01.77847374) (2026-01-31T04:19:01.77853446) [Dbg] [SDFFeatures.cc:332] Mesh construction from an SDF has not been implemented yet for dartsim. Use AttachMeshShapeFeature to use mesh shapes.
(2026-01-31T04:19:01.77867524) (2026-01-31T04:19:01.77872804) [Dbg] [SDFFeatures.cc:864] The geometry element of collision [bumper_collision] couldn't be created
(2026-01-31T04:19:01.231964101) (2026-01-31T04:19:01.231975233) [Dbg] [EntityComponentManager.cc:1656] Updated state thread iterators: 16 threads processing around 17 entities each.
(2026-01-31T04:19:01.234783387) (2026-01-31T04:19:01.234793938) [Wrn] [Component.hh:127] Trying to serialize component with data type [St10shared_ptrIN3sdf3v147ElementEE], which doesn't have `operator<<`. Component will not be serialized.
((2026-01-31T04:19:01.236646532) (2026-01-31T04:19:01.236658626) [Dbg] [SimulationRunner.cc:560] Exiting postupdate worker thread (0)
2026-01-31T04:19:01.236671151) (2026-01-31T04:19:01.236707813[Dbg] [SimulationRunner.cc:560] Exiting postupdate worker thread (1)
(2026-01-31T04:19:01.237083702) (2026-01-31T04:19:01.237095215) [Dbg] [SimulationRunner.cc:533] Creating PostUpdate worker threads: 8
(2026-01-31T04:19:01.237122528) (2026-01-31T04:19:01.237128149) [Dbg] [SimulationRunner.cc:544] Creating postupdate worker thread (0)
(2026-01-31T04:19:01.237184751) (2026-01-31T04:19:01.237190622) [Dbg] [SimulationRunner.cc:544] Creating postupdate worker thread (1)
(2026-01-31T04:19:01.237240861) (2026-01-31T04:19:01.237246873) [Dbg] [SimulationRunner.cc:544] Creating postupdate worker thread (2)
(2026-01-31T04:19:01.237285128) (2026-01-31T04:19:01.237290840) [Dbg] [SimulationRunner.cc:544] Creating postupdate worker thread (3)
(2026-01-31T04:19:01.237324375) (2026-01-31T04:19:01.237330057) [Dbg] [SimulationRunner.cc:544] Creating postupdate worker thread (4)
(2026-01-31T04:19:01.237397509) (2026-01-31T04:19:01.237403661) [Dbg] [SimulationRunner.cc:544] Creating postupdate worker thread (5)
(2026-01-31T04:19:01.237454812) (2026-01-31T04:19:01.237460874) [Dbg] [SimulationRunner.cc:544] Creating postupdate worker thread (6)
(2026-01-31T04:19:01.239552458) (2026-01-31T04:19:01.239562228) [Dbg] [Sensors.cc:953] Initialization needed
(2026-01-31T04:19:01.239605793) (2026-01-31T04:19:01.239612076) [Dbg] [Sensors.cc:349] Initializing render context
(2026-01-31T04:19:01.239718956) (2026-01-31T04:19:01.239725068) [Msg] Loading plugin [gz-rendering-ogre]
(2026-01-31T04:19:01.435410436) (2026-01-31T04:19:01.435418973) [Dbg] [RenderUtil.cc:2646] Create scene [scene]
(2026-01-31T04:19:01.436449069) (2026-01-31T04:19:01.436457596) ([Dbg] [Sensors.cc:391] Rendering Thread initialized
2026-01-31T04:19:01.436482775) (2026-01-31T04:19:01.436499939) [Dbg] [Sensors.cc:953] Initialization needed
(2026-01-31T04:19:02.403166104) (2026-01-31T04:19:02.403177847) [Wrn] [ColladaLoader.cc:2395] Triangle input semantic: 'COLOR' is currently not supported
(2026-01-31T04:19:02.479419424) (2026-01-31T04:19:02.479431067) [Wrn] [ColladaLoader.cc:2395] Triangle input semantic: 'COLOR' is currently not supported
(2026-01-31T04:19:03.193020915) (2026-01-31T04:19:03.193032067) [Dbg] [RgbdCameraSensor.cc:210] RGB images for [turtlebot4::oakd_rgb_camera_frame::rgbd_camera] advertised on [world/warehouse/model/turtlebot4/link/oakd_rgb_camera_frame/sensor/rgbd_camera/image]
(2026-01-31T04:19:03.193191921) (2026-01-31T04:19:03.193207402) [Dbg] [RgbdCameraSensor.cc:224] Depth images for [turtlebot4::oakd_rgb_camera_frame::rgbd_camera] advertised on [world/warehouse/model/turtlebot4/link/oakd_rgb_camera_frame/sensor/rgbd_camera/depth_image]
(2026-01-31T04:19:03.193373408) (2026-01-31T04:19:03.193384620) [Dbg] [RgbdCameraSensor.cc:238] Points for [turtlebot4::oakd_rgb_camera_frame::rgbd_camera] advertised on [world/warehouse/model/turtlebot4/link/oakd_rgb_camera_frame/sensor/rgbd_camera/points]
(2026-01-31T04:19:03.193567300) (2026-01-31T04:19:03.193578111) [Dbg] [CameraSensor.cc:695] Camera info for [turtlebot4::oakd_rgb_camera_frame::rgbd_camera] advertised on [world/warehouse/model/turtlebot4/link/oakd_rgb_camera_frame/sensor/rgbd_camera/camera_info]
(2026-01-31T04:19:03.194476758) (2026-01-31T04:19:03.194488191) [Dbg] [Lidar.cc:139] Laser scans for [standard_dock::green_buoy_link::green_buoy] advertised on [world/warehouse/model/standard_dock/link/green_buoy_link/sensor/green_buoy/scan]
(2026-01-31T04:19:03.194695899) (2026-01-31T04:19:03.194707653) [Dbg] [GpuLidarSensor.cc:164] Lidar points for [standard_dock::green_buoy_link::green_buoy] advertised on [world/warehouse/model/standard_dock/link/green_buoy_link/sensor/green_buoy/scan/points]
(2026-01-31T04:19:03.195161165) (2026-01-31T04:19:03.195173509) [Dbg] [Lidar.cc:139] Laser scans for [standard_dock::halo_link::halo] advertised on [world/warehouse/model/standard_dock/link/halo_link/sensor/halo/scan]
(2026-01-31T04:19:03.195309216) (2026-01-31T04:19:03.195321099) [Dbg] [GpuLidarSensor.cc:164] Lidar points for [standard_dock::halo_link::halo] advertised on [world/warehouse/model/standard_dock/link/halo_link/sensor/halo/scan/points]
(2026-01-31T04:19:03.195756956) (2026-01-31T04:19:03.195764722) [Dbg] [Lidar.cc:139] Laser scans for [standard_dock::red_buoy_link::red_buoy] advertised on [world/warehouse/model/standard_dock/link/red_buoy_link/sensor/red_buoy/scan]
(2026-01-31T04:19:03.195894547) (2026-01-31T04:19:03.195904907) [Dbg] [GpuLidarSensor.cc:164] Lidar points for [standard_dock::red_buoy_link::red_buoy] advertised on [world/warehouse/model/standard_dock/link/red_buoy_link/sensor/red_buoy/scan/points]
(2026-01-31T04:19:03.196304754) (2026-01-31T04:19:03.196316527) [Dbg] [Lidar.cc:139] Laser scans for [standard_dock::yellow_buoy_link::yellow_buoy] advertised on [world/warehouse/model/standard_dock/link/yellow_buoy_link/sensor/yellow_buoy/scan]
(2026-01-31T04:19:03.196477323) (2026-01-31T04:19:03.196485800) [Dbg] [GpuLidarSensor.cc:164] Lidar points for [standard_dock::yellow_buoy_link::yellow_buoy] advertised on [world/warehouse/model/standard_dock/link/yellow_buoy_link/sensor/yellow_buoy/scan/points]
(2026-01-31T04:19:03.196931417) (2026-01-31T04:19:03.196940735) [Dbg] [Lidar.cc:139] Laser scans for [turtlebot4::base_link::cliff_front_left] advertised on [world/warehouse/model/turtlebot4/link/base_link/sensor/cliff_front_left/scan]
(2026-01-31T04:19:03.197133243) (2026-01-31T04:19:03.197142452) [Dbg] [GpuLidarSensor.cc:164] Lidar points for [turtlebot4::base_link::cliff_front_left] advertised on [world/warehouse/model/turtlebot4/link/base_link/sensor/cliff_front_left/scan/points]
(2026-01-31T04:19:03.197717603) (2026-01-31T04:19:03.197727613) [Dbg] [Lidar.cc:139] Laser scans for [turtlebot4::base_link::cliff_front_right] advertised on [world/warehouse/model/turtlebot4/link/base_link/sensor/cliff_front_right/scan]
(2026-01-31T04:19:03.197862869) (2026-01-31T04:19:03.197875714) [Dbg] [GpuLidarSensor.cc:164] Lidar points for [turtlebot4::base_link::cliff_front_right] advertised on [world/warehouse/model/turtlebot4/link/base_link/sensor/cliff_front_right/scan/points]
(2026-01-31T04:19:03.198368443) (2026-01-31T04:19:03.198379394) [Dbg] [Lidar.cc:139] Laser scans for [turtlebot4::base_link::cliff_side_left] advertised on [world/warehouse/model/turtlebot4/link/base_link/sensor/cliff_side_left/scan]
(2026-01-31T04:19:03.198552274) (2026-01-31T04:19:03.198562124) [Dbg] [GpuLidarSensor.cc:164] Lidar points for [turtlebot4::base_link::cliff_side_left] advertised on [world/warehouse/model/turtlebot4/link/base_link/sensor/cliff_side_left/scan/points]
(2026-01-31T04:19:03.199020185) (2026-01-31T04:19:03.199030665) [Dbg] [Lidar.cc:139] Laser scans for [turtlebot4::base_link::cliff_side_right] advertised on [world/warehouse/model/turtlebot4/link/base_link/sensor/cliff_side_right/scan]
(2026-01-31T04:19:03.199187283) (2026-01-31T04:19:03.199197413) [Dbg] [GpuLidarSensor.cc:164] Lidar points for [turtlebot4::base_link::cliff_side_right] advertised on [world/warehouse/model/turtlebot4/link/base_link/sensor/cliff_side_right/scan/points]
(2026-01-31T04:19:03.199678830) (2026-01-31T04:19:03.199686716) [Dbg] [Lidar.cc:139] Laser scans for [turtlebot4::ir_intensity_front_center_left::ir_intensity_front_center_left] advertised on [world/warehouse/model/turtlebot4/link/ir_intensity_front_center_left/sensor/ir_intensity_front_center_left/scan]
(2026-01-31T04:19:03.199831180) (2026-01-31T04:19:03.199841250) [Dbg] [GpuLidarSensor.cc:164] Lidar points for [turtlebot4::ir_intensity_front_center_left::ir_intensity_front_center_left] advertised on [world/warehouse/model/turtlebot4/link/ir_intensity_front_center_left/sensor/ir_intensity_front_center_left/scan/points]
(2026-01-31T04:19:03.200276416) (2026-01-31T04:19:03.200287026) [Dbg] [Lidar.cc:139] Laser scans for [turtlebot4::ir_intensity_front_center_right::ir_intensity_front_center_right] advertised on [world/warehouse/model/turtlebot4/link/ir_intensity_front_center_right/sensor/ir_intensity_front_center_right/scan]
(2026-01-31T04:19:03.200436350) (2026-01-31T04:19:03.200445648) [Dbg] [GpuLidarSensor.cc:164] Lidar points for [turtlebot4::ir_intensity_front_center_right::ir_intensity_front_center_right] advertised on [world/warehouse/model/turtlebot4/link/ir_intensity_front_center_right/sensor/ir_intensity_front_center_right/scan/points]
(2026-01-31T04:19:03.200857749) (2026-01-31T04:19:03.200865775) [Dbg] [Lidar.cc:139] Laser scans for [turtlebot4::ir_intensity_front_left::ir_intensity_front_left] advertised on [world/warehouse/model/turtlebot4/link/ir_intensity_front_left/sensor/ir_intensity_front_left/scan]
(2026-01-31T04:19:03.200994308) (2026-01-31T04:19:03.201007103) [Dbg] [GpuLidarSensor.cc:164] Lidar points for [turtlebot4::ir_intensity_front_left::ir_intensity_front_left] advertised on [world/warehouse/model/turtlebot4/link/ir_intensity_front_left/sensor/ir_intensity_front_left/scan/points]
(2026-01-31T04:19:03.201512286) (2026-01-31T04:19:03.201523178) [Dbg] [Lidar.cc:139] Laser scans for [turtlebot4::ir_intensity_front_right::ir_intensity_front_right] advertised on [world/warehouse/model/turtlebot4/link/ir_intensity_front_right/sensor/ir_intensity_front_right/scan]
(2026-01-31T04:19:03.201676359) (2026-01-31T04:19:03.201685387) [Dbg] [GpuLidarSensor.cc:164] Lidar points for [turtlebot4::ir_intensity_front_right::ir_intensity_front_right] advertised on [world/warehouse/model/turtlebot4/link/ir_intensity_front_right/sensor/ir_intensity_front_right/scan/points]
(2026-01-31T04:19:03.202176423) (2026-01-31T04:19:03.202185591) [Dbg] [Lidar.cc:139] Laser scans for [turtlebot4::ir_intensity_left::ir_intensity_left] advertised on [world/warehouse/model/turtlebot4/link/ir_intensity_left/sensor/ir_intensity_left/scan]
(2026-01-31T04:19:03.202305607) (2026-01-31T04:19:03.202314945) [Dbg] [GpuLidarSensor.cc:164] Lidar points for [turtlebot4::ir_intensity_left::ir_intensity_left] advertised on [world/warehouse/model/turtlebot4/link/ir_intensity_left/sensor/ir_intensity_left/scan/points]
(2026-01-31T04:19:03.202811642) (2026-01-31T04:19:03.202821171) [Dbg] [Lidar.cc:139] Laser scans for [turtlebot4::ir_intensity_right::ir_intensity_right] advertised on [world/warehouse/model/turtlebot4/link/ir_intensity_right/sensor/ir_intensity_right/scan]
(2026-01-31T04:19:03.202946718) (2026-01-31T04:19:03.202957038) [Dbg] [GpuLidarSensor.cc:164] Lidar points for [turtlebot4::ir_intensity_right::ir_intensity_right] advertised on [world/warehouse/model/turtlebot4/link/ir_intensity_right/sensor/ir_intensity_right/scan/points]
(2026-01-31T04:19:03.203409688) (2026-01-31T04:19:03.203420119) [Dbg] [Lidar.cc:139] Laser scans for [turtlebot4::ir_intensity_side_left::ir_intensity_side_left] advertised on [world/warehouse/model/turtlebot4/link/ir_intensity_side_left/sensor/ir_intensity_side_left/scan]
(2026-01-31T04:19:03.203549012) (2026-01-31T04:19:03.203558752) [Dbg] [GpuLidarSensor.cc:164] Lidar points for [turtlebot4::ir_intensity_side_left::ir_intensity_side_left] advertised on [world/warehouse/model/turtlebot4/link/ir_intensity_side_left/sensor/ir_intensity_side_left/scan/points]
(2026-01-31T04:19:03.204045058) (2026-01-31T04:19:03.204055809) [Dbg] [Lidar.cc:139] Laser scans for [turtlebot4::rplidar_link::rplidar] advertised on [world/warehouse/model/turtlebot4/link/rplidar_link/sensor/rplidar/scan]
(2026-01-31T04:19:03.204201346) (2026-01-31T04:19:03.204211165) [Dbg] [GpuLidarSensor.cc:164] Lidar points for [turtlebot4::rplidar_link::rplidar] advertised on [world/warehouse/model/turtlebot4/link/rplidar_link/sensor/rplidar/scan/points]
(2026-01-31T04:19:03.205561811) (2026-01-31T04:19:03.205570007) [Wrn] [OgreGpuRays.cc:292] Horizontal FOV for GPU rays is capped at 180 degrees.
